24-Sep-2022 12:22:59.392 INFO [main] org.apache.catalina.startup.VersionLoggerListener.log Nombre de la versión del servidor: Apache Tomcat/9.0.65
24-Sep-2022 12:22:59.413 INFO [main] org.apache.catalina.startup.VersionLoggerListener.log Server built:                      Jul 14 2022 12:28:53 UTC
24-Sep-2022 12:22:59.413 INFO [main] org.apache.catalina.startup.VersionLoggerListener.log Número de versión de servidor:     9.0.65.0
24-Sep-2022 12:22:59.414 INFO [main] org.apache.catalina.startup.VersionLoggerListener.log OS Name:                           Windows 10
24-Sep-2022 12:22:59.414 INFO [main] org.apache.catalina.startup.VersionLoggerListener.log Versión de Systema Operativo:      10.0
24-Sep-2022 12:22:59.414 INFO [main] org.apache.catalina.startup.VersionLoggerListener.log Arquitectura:                      amd64
24-Sep-2022 12:22:59.415 INFO [main] org.apache.catalina.startup.VersionLoggerListener.log Java Home:                         C:\Program Files\Java\jdk-17.0.3.1
24-Sep-2022 12:22:59.416 INFO [main] org.apache.catalina.startup.VersionLoggerListener.log JVM Version:                       17.0.3.1+2-LTS-6
24-Sep-2022 12:22:59.416 INFO [main] org.apache.catalina.startup.VersionLoggerListener.log Vededor JVM:                       Oracle Corporation
24-Sep-2022 12:22:59.416 INFO [main] org.apache.catalina.startup.VersionLoggerListener.log CATALINA_BASE:                     C:\Users\jhonm\Desktop\Trabajos-Programaci-n-por-componentes\apache-tomcat-9.0.65
24-Sep-2022 12:22:59.417 INFO [main] org.apache.catalina.startup.VersionLoggerListener.log CATALINA_HOME:                     C:\Users\jhonm\Desktop\Trabajos-Programaci-n-por-componentes\apache-tomcat-9.0.65
24-Sep-2022 12:22:59.618 INFO [main] org.apache.catalina.startup.VersionLoggerListener.log Command line argument:             --add-opens=java.base/java.lang=ALL-UNNAMED
24-Sep-2022 12:22:59.618 INFO [main] org.apache.catalina.startup.VersionLoggerListener.log Command line argument:             --add-opens=java.base/java.io=ALL-UNNAMED
24-Sep-2022 12:22:59.619 INFO [main] org.apache.catalina.startup.VersionLoggerListener.log Command line argument:             --add-opens=java.base/java.util=ALL-UNNAMED
24-Sep-2022 12:22:59.619 INFO [main] org.apache.catalina.startup.VersionLoggerListener.log Command line argument:             --add-opens=java.base/java.util.concurrent=ALL-UNNAMED
24-Sep-2022 12:22:59.619 INFO [main] org.apache.catalina.startup.VersionLoggerListener.log Command line argument:             --add-opens=java.rmi/sun.rmi.transport=ALL-UNNAMED
24-Sep-2022 12:22:59.620 INFO [main] org.apache.catalina.startup.VersionLoggerListener.log Command line argument:             -Djava.util.logging.config.file=C:\Users\jhonm\Desktop\Trabajos-Programaci-n-por-componentes\apache-tomcat-9.0.65\conf\logging.properties
24-Sep-2022 12:22:59.622 INFO [main] org.apache.catalina.startup.VersionLoggerListener.log Command line argument:             -Djava.util.logging.manager=org.apache.juli.ClassLoaderLogManager
24-Sep-2022 12:22:59.625 INFO [main] org.apache.catalina.startup.VersionLoggerListener.log Command line argument:             -Dhttp.nonProxyHosts=localhost|127.0.0.1|DESKTOP-39MP8SC
24-Sep-2022 12:22:59.626 INFO [main] org.apache.catalina.startup.VersionLoggerListener.log Command line argument:             -Djdk.tls.ephemeralDHKeySize=2048
24-Sep-2022 12:22:59.626 INFO [main] org.apache.catalina.startup.VersionLoggerListener.log Command line argument:             -Djava.protocol.handler.pkgs=org.apache.catalina.webresources
24-Sep-2022 12:22:59.627 INFO [main] org.apache.catalina.startup.VersionLoggerListener.log Command line argument:             -Dignore.endorsed.dirs=
24-Sep-2022 12:22:59.627 INFO [main] org.apache.catalina.startup.VersionLoggerListener.log Command line argument:             -Dcatalina.base=C:\Users\jhonm\Desktop\Trabajos-Programaci-n-por-componentes\apache-tomcat-9.0.65
24-Sep-2022 12:22:59.627 INFO [main] org.apache.catalina.startup.VersionLoggerListener.log Command line argument:             -Dcatalina.home=C:\Users\jhonm\Desktop\Trabajos-Programaci-n-por-componentes\apache-tomcat-9.0.65
24-Sep-2022 12:22:59.630 INFO [main] org.apache.catalina.startup.VersionLoggerListener.log Command line argument:             -Djava.io.tmpdir=C:\Users\jhonm\Desktop\Trabajos-Programaci-n-por-componentes\apache-tomcat-9.0.65\temp
24-Sep-2022 12:22:59.665 INFO [main] org.apache.catalina.core.AprLifecycleListener.lifecycleEvent Cargada la biblioteca nativa APR de Apache Tomcat [1.2.35] con la versión APR [1.7.0].
24-Sep-2022 12:22:59.665 INFO [main] org.apache.catalina.core.AprLifecycleListener.lifecycleEvent Capacidades APR: IPv6 [true], enviar fichero [true], aceptar filtros [false], aleatorio [true], UDS [true].
24-Sep-2022 12:22:59.665 INFO [main] org.apache.catalina.core.AprLifecycleListener.lifecycleEvent APR/OpenSSL configuration: useAprConnector [false], useOpenSSL [true]
24-Sep-2022 12:22:59.675 INFO [main] org.apache.catalina.core.AprLifecycleListener.initializeSSL OpenSSL inicializado correctamente [OpenSSL 1.1.1q  5 Jul 2022]
24-Sep-2022 12:23:04.302 INFO [main] org.apache.coyote.AbstractProtocol.init Inicializando el manejador de protocolo ["http-nio-8080"]

24-Sep-2022 12:23:04.759 INFO [main] org.apache.catalina.startup.Catalina.load Server initialization in [6495] milliseconds
24-Sep-2022 12:23:08.459 INFO [main] org.apache.catalina.core.StandardService.startInternal Arrancando servicio [Catalina]
24-Sep-2022 12:23:08.459 INFO [main] org.apache.catalina.core.StandardEngine.startInternal Starting Servlet engine: [Apache Tomcat/9.0.65]
24-Sep-2022 12:23:08.554 INFO [main] org.apache.catalina.startup.HostConfig.deployDirectory Desplegando el directorio [C:\Users\jhonm\Desktop\Trabajos-Programaci-n-por-componentes\apache-tomcat-9.0.65\webapps\docs] de la aplicación web
24-Sep-2022 12:23:14.798 WARNING [main] org.apache.catalina.util.SessionIdGeneratorBase.createSecureRandom Creation of SecureRandom instance for session ID generation using [SHA1PRNG] took [1.002] milliseconds.
24-Sep-2022 12:23:14.983 INFO [main] org.apache.catalina.startup.HostConfig.deployDirectory Deployment of web application directory [C:\Users\jhonm\Desktop\Trabajos-Programaci-n-por-componentes\apache-tomcat-9.0.65\webapps\docs] has finished in [6.428] ms
24-Sep-2022 12:23:14.984 INFO [main] org.apache.catalina.startup.HostConfig.deployDirectory Desplegando el directorio [C:\Users\jhonm\Desktop\Trabajos-Programaci-n-por-componentes\apache-tomcat-9.0.65\webapps\examples] de la aplicación web
24-Sep-2022 12:23:20.737 INFO [main] org.apache.catalina.startup.HostConfig.deployDirectory Deployment of web application directory [C:\Users\jhonm\Desktop\Trabajos-Programaci-n-por-componentes\apache-tomcat-9.0.65\webapps\examples] has finished in [5.752] ms
24-Sep-2022 12:23:20.738 INFO [main] org.apache.catalina.startup.HostConfig.deployDirectory Desplegando el directorio [C:\Users\jhonm\Desktop\Trabajos-Programaci-n-por-componentes\apache-tomcat-9.0.65\webapps\host-manager] de la aplicación web
24-Sep-2022 12:23:21.275 INFO [main] org.apache.catalina.startup.HostConfig.deployDirectory Deployment of web application directory [C:\Users\jhonm\Desktop\Trabajos-Programaci-n-por-componentes\apache-tomcat-9.0.65\webapps\host-manager] has finished in [536] ms
24-Sep-2022 12:23:21.275 INFO [main] org.apache.catalina.startup.HostConfig.deployDirectory Desplegando el directorio [C:\Users\jhonm\Desktop\Trabajos-Programaci-n-por-componentes\apache-tomcat-9.0.65\webapps\manager] de la aplicación web
24-Sep-2022 12:23:21.600 INFO [main] org.apache.catalina.startup.HostConfig.deployDirectory Deployment of web application directory [C:\Users\jhonm\Desktop\Trabajos-Programaci-n-por-componentes\apache-tomcat-9.0.65\webapps\manager] has finished in [325] ms
24-Sep-2022 12:23:21.602 INFO [main] org.apache.catalina.startup.HostConfig.deployDirectory Desplegando el directorio [C:\Users\jhonm\Desktop\Trabajos-Programaci-n-por-componentes\apache-tomcat-9.0.65\webapps\ROOT] de la aplicación web
24-Sep-2022 12:23:21.921 INFO [main] org.apache.catalina.startup.HostConfig.deployDirectory Deployment of web application directory [C:\Users\jhonm\Desktop\Trabajos-Programaci-n-por-componentes\apache-tomcat-9.0.65\webapps\ROOT] has finished in [319] ms
24-Sep-2022 12:23:21.950 INFO [main] org.apache.coyote.AbstractProtocol.start Starting ProtocolHandler ["http-nio-8080"]
24-Sep-2022 12:23:22.851 INFO [main] org.apache.catalina.startup.Catalina.start Server startup in [18089] milliseconds
24-Sep-2022 12:26:40.008 INFO [http-nio-8080-exec-6] org.apache.catalina.startup.HostConfig.deployDescriptor Desplieque del descriptor de configuración [C:\Users\jhonm\Desktop\Trabajos-Programaci-n-por-componentes\apache-tomcat-9.0.65\conf\Catalina\localhost\clase7922.xml]
24-Sep-2022 12:26:40.011 WARNING [http-nio-8080-exec-6] org.apache.catalina.startup.HostConfig.deployDescriptor The path attribute with value [/clase7922] in deployment descriptor [C:\Users\jhonm\Desktop\Trabajos-Programaci-n-por-componentes\apache-tomcat-9.0.65\conf\Catalina\localhost\clase7922.xml] has been ignored
24-Sep-2022 12:26:40.551 INFO [http-nio-8080-exec-6] org.apache.catalina.startup.HostConfig.deployDescriptor Deployment of deployment descriptor [C:\Users\jhonm\Desktop\Trabajos-Programaci-n-por-componentes\apache-tomcat-9.0.65\conf\Catalina\localhost\clase7922.xml] has finished in [542] ms
24-Sep-2022 12:26:40.566 INFO [http-nio-8080-exec-8] org.apache.catalina.util.LifecycleBase.start The start() method was called on component [StandardEngine[Catalina].StandardHost[localhost].StandardContext[/clase7922]] after start() had already been called. The second call will be ignored.
24-Sep-2022 12:53:29.840 INFO [http-nio-8080-exec-4] org.apache.catalina.startup.HostConfig.undeploy Repliegue (undeploy) de la aplicación web que tiene como trayectoria de contexto [/clase7922]
24-Sep-2022 12:53:29.949 INFO [http-nio-8080-exec-6] org.apache.catalina.startup.HostConfig.deployDescriptor Desplieque del descriptor de configuración [C:\Users\jhonm\Desktop\Trabajos-Programaci-n-por-componentes\apache-tomcat-9.0.65\conf\Catalina\localhost\clase7922.xml]
24-Sep-2022 12:53:29.953 WARNING [http-nio-8080-exec-6] org.apache.catalina.startup.HostConfig.deployDescriptor The path attribute with value [/clase7922] in deployment descriptor [C:\Users\jhonm\Desktop\Trabajos-Programaci-n-por-componentes\apache-tomcat-9.0.65\conf\Catalina\localhost\clase7922.xml] has been ignored
24-Sep-2022 12:53:30.058 INFO [http-nio-8080-exec-6] org.apache.catalina.startup.HostConfig.deployDescriptor Deployment of deployment descriptor [C:\Users\jhonm\Desktop\Trabajos-Programaci-n-por-componentes\apache-tomcat-9.0.65\conf\Catalina\localhost\clase7922.xml] has finished in [108] ms
24-Sep-2022 12:53:30.091 INFO [http-nio-8080-exec-6] org.apache.catalina.util.LifecycleBase.start The start() method was called on component [StandardEngine[Catalina].StandardHost[localhost].StandardContext[/clase7922]] after start() had already been called. The second call will be ignored.
